<?xml version="1.0" encoding="UTF-8"?>
<!-- Generated by org.testng.reporters.JUnitXMLReporter -->
<testsuite ignored="0" hostname="DESKTOP-BU5RJHB" failures="0" tests="4" name="Run on Chrome" time="7.262" errors="0" timestamp="21 Oct 2023 15:35:18 GMT">
  <testcase classname="com.saucelab.Level_23_Sort_Data" name="Sort_01_Name_Ascending" time="0.496"/>
  <testcase classname="com.saucelab.Level_23_Sort_Data" name="Sort_02_Name_Descending" time="0.396"/>
  <testcase classname="com.saucelab.Level_23_Sort_Data" name="Sort_03_Price_Ascending" time="0.284"/>
  <testcase classname="com.saucelab.Level_23_Sort_Data" name="Sort_04_Price_Descending" time="0.282"/>
</testsuite> <!-- Run on Chrome -->
